============================= test session starts ==============================
platform linux -- Python 3.14.2, pytest-9.0.3, pluggy-1.6.0
rootdir: /home/ITER/mcintos/Code/.reckon-worktrees/imas-ambix-0405601943d2/sophelio-drive-20260817/thomson-models-retry
configfile: pyproject.toml
plugins: zarr-3.2.1, jaxtyping-0.3.10, hydra-core-1.3.2, anyio-4.13.0, typeguard-2.13.3, cov-7.1.0
collected 7 items

tests/thomson/test_banked_evidence.py ..                                 [ 28%]
tests/thomson/test_models.py .....                                       [100%]

========================= 7 passed in 79.46s (0:01:19) =========================
